<?xml version="1.0" encoding="UTF-8"?>
<testng-results ignored="0" total="4" passed="4" failed="0" skipped="0">
  <reporter-output>
  </reporter-output>
  <suite started-at="2018-10-30T15:45:25Z" name="All Test Suite" finished-at="2018-10-30T15:46:31Z" duration-ms="66498">
    <groups>
    </groups>
    <test started-at="2018-10-30T15:45:25Z" name="Test - HomePage" finished-at="2018-10-30T15:46:13Z" duration-ms="48627">
      <class name="Academy.HomePage">
        <test-method is-config="true" signature="initialize()[pri:0, instance:Academy.HomePage@60975100]" started-at="2018-10-30T15:45:25Z" name="initialize" finished-at="2018-10-30T15:45:31Z" duration-ms="6611" status="PASS">
          <reporter-output>
          </reporter-output>
        </test-method> <!-- initialize -->
        <test-method signature="basePageNavigation(java.lang.String, java.lang.String, java.lang.String)[pri:0, instance:Academy.HomePage@60975100]" started-at="2018-10-30T15:45:31Z" name="basePageNavigation" data-provider="getData" finished-at="2018-10-30T15:45:58Z" duration-ms="27301" status="PASS">
          <params>
            <param index="0">
              <value>
                <![CDATA[nonrestricteduser@123.com]]>
              </value>
            </param>
            <param index="1">
              <value>
                <![CDATA[456]]>
              </value>
            </param>
            <param index="2">
              <value>
                <![CDATA[Non Restricted User]]>
              </value>
            </param>
          </params>
          <reporter-output>
          </reporter-output>
        </test-method> <!-- basePageNavigation -->
        <test-method signature="basePageNavigation(java.lang.String, java.lang.String, java.lang.String)[pri:0, instance:Academy.HomePage@60975100]" started-at="2018-10-30T15:45:58Z" name="basePageNavigation" data-provider="getData" finished-at="2018-10-30T15:46:13Z" duration-ms="14505" status="PASS">
          <params>
            <param index="0">
              <value>
                <![CDATA[restricteduser@123.com]]>
              </value>
            </param>
            <param index="1">
              <value>
                <![CDATA[789]]>
              </value>
            </param>
            <param index="2">
              <value>
                <![CDATA[Restricted User]]>
              </value>
            </param>
          </params>
          <reporter-output>
          </reporter-output>
        </test-method> <!-- basePageNavigation -->
        <test-method is-config="true" signature="tearDown()[pri:0, instance:Academy.HomePage@60975100]" started-at="2018-10-30T15:46:13Z" name="tearDown" finished-at="2018-10-30T15:46:13Z" duration-ms="166" status="PASS">
          <reporter-output>
          </reporter-output>
        </test-method> <!-- tearDown -->
      </class> <!-- Academy.HomePage -->
    </test> <!-- Test - HomePage -->
    <test started-at="2018-10-30T15:46:13Z" name="Test - validateTitle" finished-at="2018-10-30T15:46:22Z" duration-ms="8402">
      <class name="Academy.validateTitle">
        <test-method is-config="true" signature="initialize()[pri:0, instance:Academy.validateTitle@35e5d0e5]" started-at="2018-10-30T15:46:13Z" name="initialize" finished-at="2018-10-30T15:46:21Z" duration-ms="8112" status="PASS">
          <reporter-output>
          </reporter-output>
        </test-method> <!-- initialize -->
        <test-method signature="basePageNavigation()[pri:0, instance:Academy.validateTitle@35e5d0e5]" started-at="2018-10-30T15:46:21Z" name="basePageNavigation" finished-at="2018-10-30T15:46:21Z" duration-ms="86" status="PASS">
          <reporter-output>
          </reporter-output>
        </test-method> <!-- basePageNavigation -->
        <test-method is-config="true" signature="tearDown()[pri:0, instance:Academy.validateTitle@35e5d0e5]" started-at="2018-10-30T15:46:21Z" name="tearDown" finished-at="2018-10-30T15:46:22Z" duration-ms="203" status="PASS">
          <reporter-output>
          </reporter-output>
        </test-method> <!-- tearDown -->
      </class> <!-- Academy.validateTitle -->
    </test> <!-- Test - validateTitle -->
    <test started-at="2018-10-30T15:46:22Z" name="Test - validateNavigation" finished-at="2018-10-30T15:46:31Z" duration-ms="9334">
      <class name="Academy.validateNavigationBar">
        <test-method is-config="true" signature="initialize()[pri:0, instance:Academy.validateNavigationBar@4233e892]" started-at="2018-10-30T15:46:22Z" name="initialize" finished-at="2018-10-30T15:46:31Z" duration-ms="9113" status="PASS">
          <reporter-output>
          </reporter-output>
        </test-method> <!-- initialize -->
        <test-method signature="basePageNavigation()[pri:0, instance:Academy.validateNavigationBar@4233e892]" started-at="2018-10-30T15:46:31Z" name="basePageNavigation" finished-at="2018-10-30T15:46:31Z" duration-ms="66" status="PASS">
          <reporter-output>
          </reporter-output>
        </test-method> <!-- basePageNavigation -->
        <test-method is-config="true" signature="tearDown()[pri:0, instance:Academy.validateNavigationBar@4233e892]" started-at="2018-10-30T15:46:31Z" name="tearDown" finished-at="2018-10-30T15:46:31Z" duration-ms="154" status="PASS">
          <reporter-output>
          </reporter-output>
        </test-method> <!-- tearDown -->
      </class> <!-- Academy.validateNavigationBar -->
    </test> <!-- Test - validateNavigation -->
  </suite> <!-- All Test Suite -->
</testng-results>
